(xa,xb,xc,xd,xe,xf,xg,locteam1,locteam2)
0:(0,0,0,0,0,0,4,-1,-1)
1:(0,0,0,0,0,0,5,-1,-1)
2:(0,0,0,0,0,0,6,-1,-1)
3:(0,0,0,0,0,0,7,-1,-1)
4:(0,0,0,0,0,0,7,-1,0)
5:(0,0,0,0,0,0,7,-1,1)
6:(0,0,0,0,0,0,7,-1,2)
7:(0,0,0,0,0,0,7,-1,6)
8:(0,0,0,0,0,0,7,0,-1)
9:(0,0,0,0,0,0,7,1,-1)
10:(0,0,0,0,0,0,7,2,-1)
11:(0,0,0,0,0,0,7,6,-1)
12:(0,0,0,0,0,1,4,-1,-1)
13:(0,0,0,0,0,1,5,-1,-1)
14:(0,0,0,0,0,1,6,-1,-1)
15:(0,0,0,0,0,1,6,-1,5)
16:(0,0,0,0,0,1,7,-1,-1)
17:(0,0,0,0,0,1,7,-1,0)
18:(0,0,0,0,0,1,7,-1,1)
19:(0,0,0,0,0,1,7,-1,2)
20:(0,0,0,0,0,1,7,-1,5)
21:(0,0,0,0,0,1,7,-1,6)
22:(0,0,0,0,0,1,7,0,5)
23:(0,0,0,0,0,1,7,1,5)
24:(0,0,0,0,0,1,7,2,5)
25:(0,0,0,0,0,1,7,6,5)
26:(0,0,0,0,0,2,4,-1,-1)
27:(0,0,0,0,0,2,5,-1,5)
28:(0,0,0,0,0,2,6,-1,5)
29:(0,0,0,0,0,2,6,5,5)
30:(0,0,0,0,0,2,6,6,5)
31:(0,0,0,0,0,3,4,-1,5)
32:(0,0,0,0,0,3,4,5,-1)
33:(0,0,0,0,0,3,5,-1,5)
34:(0,0,0,0,0,3,5,5,5)
35:(0,0,0,0,0,3,5,6,5)
36:(0,0,0,0,0,4,4,5,5)
37:(0,0,0,0,1,0,4,-1,-1)
38:(0,0,0,0,1,0,7,-1,-1)
39:(0,0,0,0,1,0,7,-1,0)
40:(0,0,0,0,1,0,7,-1,1)
41:(0,0,0,0,1,0,7,-1,2)
42:(0,0,0,0,1,0,7,-1,6)
43:(0,0,0,0,1,1,4,-1,-1)
44:(0,0,0,0,1,2,4,-1,-1)
45:(0,0,0,0,1,2,4,-1,4)
46:(0,0,0,0,1,3,4,-1,5)
47:(0,0,0,0,1,3,4,5,4)
48:(0,0,0,0,2,0,4,-1,-1)
49:(0,0,0,0,2,1,4,-1,4)
50:(0,0,0,0,2,2,4,-1,4)
51:(0,0,0,0,2,2,4,4,4)
52:(0,0,0,0,2,2,4,5,4)
53:(0,0,0,0,3,0,4,-1,4)
54:(0,0,0,0,3,0,4,4,-1)
55:(0,0,0,0,3,1,4,-1,4)
56:(0,0,0,0,3,1,4,4,4)
57:(0,0,0,0,3,1,4,5,4)
58:(0,0,0,0,4,0,4,4,4)
59:(0,0,0,1,0,0,4,-1,-1)
60:(0,0,0,1,0,0,7,-1,-1)
61:(0,0,0,1,0,0,7,-1,0)
62:(0,0,0,1,0,0,7,-1,1)
63:(0,0,0,1,0,0,7,-1,2)
64:(0,0,0,1,0,0,7,-1,6)
65:(0,0,0,1,0,3,4,-1,5)
66:(0,0,0,1,1,0,4,-1,-1)
67:(0,0,0,1,2,0,4,-1,-1)
68:(0,0,0,1,2,0,4,-1,3)
69:(0,0,0,1,3,0,4,-1,4)
70:(0,0,0,1,3,0,4,4,3)
71:(0,0,0,2,0,0,4,-1,-1)
72:(0,0,0,2,1,0,4,-1,3)
73:(0,0,0,2,2,0,4,-1,3)
74:(0,0,0,2,2,0,4,3,3)
75:(0,0,0,2,2,0,4,4,3)
76:(0,0,0,3,0,0,4,-1,3)
77:(0,0,0,3,1,0,4,-1,3)
78:(0,0,0,3,1,0,4,3,3)
79:(0,0,0,3,1,0,4,4,3)
80:(0,0,0,4,0,0,4,3,3)
81:(1,0,0,0,0,0,4,-1,-1)
82:(1,0,0,0,0,0,7,-1,-1)
83:(1,0,0,0,0,0,7,-1,0)
84:(1,0,0,0,0,0,7,-1,1)
85:(1,0,0,0,0,0,7,-1,2)
86:(1,0,0,0,0,0,7,-1,6)
87:(1,0,0,0,0,0,7,0,-1)
88:(1,0,0,0,0,0,7,1,-1)
89:(1,0,0,0,0,0,7,2,-1)
90:(1,0,0,0,0,0,7,6,-1)
91:(1,0,0,0,0,3,4,-1,5)
92:(1,0,0,0,0,3,4,5,-1)
93:(1,0,0,0,3,0,4,-1,4)
94:(1,0,0,0,3,0,4,4,-1)
95:(1,0,0,2,0,0,4,-1,-1)
96:(1,0,0,2,0,0,4,-1,0)
97:(1,0,0,2,0,0,4,-1,3)
98:(1,0,0,3,0,0,4,-1,3)
99:(1,0,0,3,0,0,4,0,3)
100:(1,0,0,3,0,0,4,3,-1)
101:(1,0,0,3,0,0,4,3,3)
102:(2,0,0,2,0,0,0,-1,-1)
103:(2,0,0,2,0,0,0,0,-1)
104:(2,0,0,2,0,0,0,1,-1)
105:(2,0,0,2,0,0,4,0,-1)
106:(2,0,0,2,0,0,4,0,3)
107:(2,0,0,2,0,0,4,0,4)
108:(2,0,0,2,0,0,4,0,5)
109:(2,0,0,2,0,0,4,0,6)
110:(2,0,4,2,0,0,0,0,2)
